[0307/205817:ERROR:crash_report_database_win.cc(563)] CreateDirectory C:\Program Files (x86)\reports: Acesso negado. (0x5)
[0307/205817:ERROR:registration_protocol_win.cc(82)] TransactNamedPipe: O pipe foi finalizado. (0x6D)
[0307/205817:ERROR:crash_report_database_win.cc(563)] CreateDirectory C:\Program Files (x86)\reports: Acesso negado. (0x5)
[0310/124048.751:ERROR:file_io_win.cc(163)] CreateFile C:\Program Files (x86)\settings.dat: Acesso negado. (0x5)
[0310/124048.782:ERROR:registration_protocol_win.cc(84)] TransactNamedPipe: O pipe foi finalizado. (0x6D)
[0310/124048.820:ERROR:file_io_win.cc(163)] CreateFile C:\Program Files (x86)\settings.dat: Acesso negado. (0x5)
[0310/124123.755:ERROR:file_io_win.cc(163)] CreateFile C:\Program Files (x86)\settings.dat: Acesso negado. (0x5)
[0310/124123.771:ERROR:registration_protocol_win.cc(84)] TransactNamedPipe: O pipe foi finalizado. (0x6D)
[0310/124123.771:ERROR:file_io_win.cc(163)] CreateFile C:\Program Files (x86)\settings.dat: Acesso negado. (0x5)
[0315/153237:ERROR:file_io_win.cc(163)] CreateFile C:\Program Files (x86)\settings.dat: Acesso negado. (0x5)
[0315/153237:ERROR:registration_protocol_win.cc(82)] TransactNamedPipe: O pipe foi finalizado. (0x6D)
[0315/153237:ERROR:file_io_win.cc(163)] CreateFile C:\Program Files (x86)\settings.dat: Acesso negado. (0x5)
[0328/222739:ERROR:crash_report_database_win.cc(563)] CreateDirectory C:\Program Files (x86)\reports: Acesso negado. (0x5)
[0328/222739:ERROR:registration_protocol_win.cc(82)] TransactNamedPipe: O pipe foi finalizado. (0x6D)
[0328/222739:ERROR:crash_report_database_win.cc(563)] CreateDirectory C:\Program Files (x86)\reports: Acesso negado. (0x5)
[0401/142258.115:ERROR:crash_report_database_win.cc(563)] CreateDirectory C:\Program Files (x86)\temp: Acesso negado. (0x5)
[0401/142259.476:ERROR:registration_protocol_win.cc(83)] TransactNamedPipe: O pipe foi finalizado. (0x6D)
[0401/142259.544:ERROR:crashpad_win.cc(223)] Crashpad handler failed to start, crash reporting disabled
[0417/143519.756:ERROR:file_io_win.cc(163)] CreateFile C:\Program Files (x86)\temp\settings.dat: Acesso negado. (0x5)
[0417/143519.762:ERROR:registration_protocol_win.cc(83)] TransactNamedPipe: O pipe foi finalizado. (0x6D)
[0417/143519.764:ERROR:file_io_win.cc(163)] CreateFile C:\Program Files (x86)\temp\settings.dat: Acesso negado. (0x5)
